<?xml version="1.0" encoding="UTF-8"?>
<!-- Generated by org.testng.reporters.JUnitXMLReporter -->
<testsuite ignored="0" hostname="DESKTOP-89I85RC" failures="0" tests="5" name="Pet_Test" time="11.101" errors="0" timestamp="2022-11-13T14:29:10 IST">
  <testcase classname="api.test.UserTests" name="testPostUser" time="3.425"/>
  <testcase classname="api.test.UserTests" name="getUser" time="1.354"/>
  <testcase classname="api.test.UserTests" name="updateUser" time="2.646"/>
  <testcase classname="api.test.UserTests" name="getUser1" time="1.302"/>
  <testcase classname="api.test.UserTests" name="deleteUser" time="1.301"/>
</testsuite> <!-- Pet_Test -->
