<?xml version="1.0" encoding="UTF-8"?>
<!-- Generated by org.testng.reporters.JUnitXMLReporter -->
<testsuite ignored="0" hostname="DESKTOP-89I85RC" failures="0" tests="9" name="Pet_Test" time="17.306" errors="0" timestamp="2022-11-13T00:45:36 IST">
  <testcase classname="api.test.UserTests" name="testPostUser" time="3.046"/>
  <testcase classname="api.test.UserTests" name="getUser" time="1.428"/>
  <testcase classname="api.test.UserTests" name="updateUser" time="2.698"/>
  <testcase classname="api.test.UserTests" name="getUser1" time="1.3"/>
  <testcase classname="api.test.UserTests" name="deleteUser" time="1.301"/>
  <testcase classname="api.test.UserTests2" name="testPostUser" time="1.318"/>
  <testcase classname="api.test.UserTests2" name="testGetUserByName" time="1.331"/>
  <testcase classname="api.test.UserTests2" name="testUpdateUserByName" time="2.576"/>
  <testcase classname="api.test.UserTests2" name="testDeleteUserByName" time="1.242"/>
</testsuite> <!-- Pet_Test -->
