<?xml version="1.0" encoding="UTF-8"?>
<!-- Generated by org.testng.reporters.JUnitXMLReporter -->
<testsuite ignored="0" hostname="DESKTOP-89I85RC" failures="0" tests="6" name="Default test" time="17.569" errors="0" timestamp="2022-11-12T23:02:05 IST">
  <testcase classname="api.test.DDTest" name="testPostUser" time="6.344"/>
  <testcase classname="api.test.DDTest" name="testPostUser" time="1.295"/>
  <testcase classname="api.test.DDTest" name="testPostUser" time="1.292"/>
  <testcase classname="api.test.DDTest" name="deleteUser" time="3.454"/>
  <testcase classname="api.test.DDTest" name="deleteUser" time="1.321"/>
  <testcase classname="api.test.DDTest" name="deleteUser" time="1.314"/>
</testsuite> <!-- Default test -->
