<?xml version="1.0" encoding="UTF-8"?>
<testsuite name="TestSuite" time="16.268" tests="9" errors="0" skipped="0" failures="0">
  <properties>
[...]
</properties>
  <testcase name="testPostUser" classname="api.test.UserTests" time="3.067"/>
  <testcase name="getUser" classname="api.test.UserTests" time="1.432"/>
  <testcase name="updateUser" classname="api.test.UserTests" time="2.696"/>
  <testcase name="getUser1" classname="api.test.UserTests" time="1.304"/>
  <testcase name="deleteUser" classname="api.test.UserTests" time="1.299"/>
  <testcase name="testPostUser" classname="api.test.UserTests2" time="1.318"/>
  <testcase name="testGetUserByName" classname="api.test.UserTests2" time="1.332"/>
  <testcase name="testUpdateUserByName" classname="api.test.UserTests2" time="2.577"/>
  <testcase name="testDeleteUserByName" classname="api.test.UserTests2" time="1.243"/>
</testsuite>