<?xml version="1.0" encoding="UTF-8"?>
<testsuite xmlns:xsi="http://www.w3.org/2001/XMLSchema-instance" xsi:noNamespaceSchemaLocation="https://maven.apache.org/surefire/maven-surefire-plugin/xsd/surefire-test-report-3.0.xsd" version="3.0" name="TestSuite" time="12.026" tests="5" errors="0" skipped="0" failures="0">
  <properties>
[...]
</properties>
  <testcase name="testPostUser" classname="api.test.UserTests" time="3.44"/>
  <testcase name="getUser" classname="api.test.UserTests" time="1.36"/>
  <testcase name="updateUser" classname="api.test.UserTests" time="2.645"/>
  <testcase name="getUser1" classname="api.test.UserTests" time="1.305"/>
  <testcase name="deleteUser" classname="api.test.UserTests" time="1.298"/>
</testsuite>