<?xml version="1.0" encoding="UTF-8"?>
<testng-results ignored="0" total="9" passed="9" failed="0" skipped="0">
  <reporter-output>
  </reporter-output>
  <suite started-at="2022-11-13T00:45:18 IST" name="Pet_Suite" finished-at="2022-11-13T00:45:36 IST" duration-ms="17306">
    <groups>
    </groups>
    <test started-at="2022-11-13T00:45:18 IST" name="Pet_Test" finished-at="2022-11-13T00:45:36 IST" duration-ms="17306">
      <class name="api.test.UserTests2">
        <test-method is-config="true" signature="setup()[pri:0, instance:api.test.UserTests2@1198b989]" started-at="2022-11-13T00:45:29 IST" name="setup" finished-at="2022-11-13T00:45:29 IST" duration-ms="42" status="PASS">
          <reporter-output>
          </reporter-output>
        </test-method> <!-- setup -->
        <test-method signature="testPostUser()[pri:1, instance:api.test.UserTests2@1198b989]" started-at="2022-11-13T00:45:29 IST" name="testPostUser" finished-at="2022-11-13T00:45:30 IST" duration-ms="1318" status="PASS">
          <reporter-output>
          </reporter-output>
        </test-method> <!-- testPostUser -->
        <test-method signature="testGetUserByName()[pri:2, instance:api.test.UserTests2@1198b989]" started-at="2022-11-13T00:45:30 IST" name="testGetUserByName" finished-at="2022-11-13T00:45:32 IST" duration-ms="1331" status="PASS">
          <reporter-output>
          </reporter-output>
        </test-method> <!-- testGetUserByName -->
        <test-method signature="testUpdateUserByName()[pri:3, instance:api.test.UserTests2@1198b989]" started-at="2022-11-13T00:45:32 IST" name="testUpdateUserByName" finished-at="2022-11-13T00:45:34 IST" duration-ms="2576" status="PASS">
          <reporter-output>
          </reporter-output>
        </test-method> <!-- testUpdateUserByName -->
        <test-method signature="testDeleteUserByName()[pri:4, instance:api.test.UserTests2@1198b989]" started-at="2022-11-13T00:45:34 IST" name="testDeleteUserByName" finished-at="2022-11-13T00:45:36 IST" duration-ms="1242" status="PASS">
          <reporter-output>
          </reporter-output>
        </test-method> <!-- testDeleteUserByName -->
      </class> <!-- api.test.UserTests2 -->
      <class name="api.test.UserTests">
        <test-method is-config="true" signature="setupData()[pri:0, instance:api.test.UserTests@7a52f2a2]" started-at="2022-11-13T00:45:19 IST" name="setupData" finished-at="2022-11-13T00:45:19 IST" duration-ms="689" status="PASS">
          <reporter-output>
          </reporter-output>
        </test-method> <!-- setupData -->
        <test-method signature="testPostUser()[pri:1, instance:api.test.UserTests@7a52f2a2]" started-at="2022-11-13T00:45:19 IST" name="testPostUser" finished-at="2022-11-13T00:45:22 IST" duration-ms="3046" status="PASS">
          <reporter-output>
          </reporter-output>
        </test-method> <!-- testPostUser -->
        <test-method signature="getUser()[pri:2, instance:api.test.UserTests@7a52f2a2]" started-at="2022-11-13T00:45:22 IST" name="getUser" finished-at="2022-11-13T00:45:24 IST" duration-ms="1428" status="PASS">
          <reporter-output>
          </reporter-output>
        </test-method> <!-- getUser -->
        <test-method signature="updateUser()[pri:3, instance:api.test.UserTests@7a52f2a2]" started-at="2022-11-13T00:45:24 IST" name="updateUser" finished-at="2022-11-13T00:45:26 IST" duration-ms="2698" status="PASS">
          <reporter-output>
          </reporter-output>
        </test-method> <!-- updateUser -->
        <test-method signature="getUser1()[pri:4, instance:api.test.UserTests@7a52f2a2]" started-at="2022-11-13T00:45:26 IST" name="getUser1" finished-at="2022-11-13T00:45:28 IST" duration-ms="1300" status="PASS">
          <reporter-output>
          </reporter-output>
        </test-method> <!-- getUser1 -->
        <test-method signature="deleteUser()[pri:5, instance:api.test.UserTests@7a52f2a2]" started-at="2022-11-13T00:45:28 IST" name="deleteUser" finished-at="2022-11-13T00:45:29 IST" duration-ms="1301" status="PASS">
          <reporter-output>
          </reporter-output>
        </test-method> <!-- deleteUser -->
      </class> <!-- api.test.UserTests -->
    </test> <!-- Pet_Test -->
  </suite> <!-- Pet_Suite -->
</testng-results>
