<?xml version="1.0" encoding="UTF-8"?>
<!-- Generated by org.testng.reporters.JUnitXMLReporter -->
<testsuite ignored="0" hostname="DESKTOP-89I85RC" failures="0" tests="9" name="Pet_Test" time="17.158" errors="0" timestamp="2022-11-12T23:56:00 IST">
  <testcase classname="api.test.UserTests" name="testPostUser" time="3.157"/>
  <testcase classname="api.test.UserTests" name="getUser" time="1.316"/>
  <testcase classname="api.test.UserTests" name="updateUser" time="2.617"/>
  <testcase classname="api.test.UserTests" name="getUser1" time="1.28"/>
  <testcase classname="api.test.UserTests" name="deleteUser" time="1.283"/>
  <testcase classname="api.test.UserTests2" name="testPostUser" time="1.31"/>
  <testcase classname="api.test.UserTests2" name="testGetUserByName" time="1.272"/>
  <testcase classname="api.test.UserTests2" name="testUpdateUserByName" time="2.54"/>
  <testcase classname="api.test.UserTests2" name="testDeleteUserByName" time="1.296"/>
</testsuite> <!-- Pet_Test -->
