<?xml version="1.0" encoding="UTF-8"?>
<!-- Generated by org.testng.reporters.JUnitXMLReporter -->
<testsuite ignored="0" hostname="DESKTOP-89I85RC" failures="0" tests="5" name="Pet_Test" time="11.195" errors="0" timestamp="2022-11-13T14:28:09 IST">
  <testcase classname="api.test.UserTests" name="testPostUser" time="3.51"/>
  <testcase classname="api.test.UserTests" name="getUser" time="1.322"/>
  <testcase classname="api.test.UserTests" name="updateUser" time="2.626"/>
  <testcase classname="api.test.UserTests" name="getUser1" time="1.308"/>
  <testcase classname="api.test.UserTests" name="deleteUser" time="1.324"/>
</testsuite> <!-- Pet_Test -->
