<?xml version="1.0" encoding="UTF-8"?>
<testng-results ignored="0" total="5" passed="5" failed="0" skipped="0">
  <reporter-output>
  </reporter-output>
  <suite started-at="2022-11-13T14:27:58 IST" name="Pet_Suite" finished-at="2022-11-13T14:28:09 IST" duration-ms="11195">
    <groups>
    </groups>
    <test started-at="2022-11-13T14:27:58 IST" name="Pet_Test" finished-at="2022-11-13T14:28:09 IST" duration-ms="11195">
      <class name="api.test.UserTests">
        <test-method is-config="true" signature="setupData()[pri:0, instance:api.test.UserTests@564fabc8]" started-at="2022-11-13T14:27:58 IST" name="setupData" finished-at="2022-11-13T14:27:59 IST" duration-ms="739" status="PASS">
          <reporter-output>
          </reporter-output>
        </test-method> <!-- setupData -->
        <test-method signature="testPostUser()[pri:1, instance:api.test.UserTests@564fabc8]" started-at="2022-11-13T14:27:59 IST" name="testPostUser" finished-at="2022-11-13T14:28:02 IST" duration-ms="3510" status="PASS">
          <reporter-output>
          </reporter-output>
        </test-method> <!-- testPostUser -->
        <test-method signature="getUser()[pri:2, instance:api.test.UserTests@564fabc8]" started-at="2022-11-13T14:28:02 IST" name="getUser" finished-at="2022-11-13T14:28:03 IST" duration-ms="1322" status="PASS">
          <reporter-output>
          </reporter-output>
        </test-method> <!-- getUser -->
        <test-method signature="updateUser()[pri:3, instance:api.test.UserTests@564fabc8]" started-at="2022-11-13T14:28:03 IST" name="updateUser" finished-at="2022-11-13T14:28:06 IST" duration-ms="2626" status="PASS">
          <reporter-output>
          </reporter-output>
        </test-method> <!-- updateUser -->
        <test-method signature="getUser1()[pri:4, instance:api.test.UserTests@564fabc8]" started-at="2022-11-13T14:28:06 IST" name="getUser1" finished-at="2022-11-13T14:28:07 IST" duration-ms="1308" status="PASS">
          <reporter-output>
          </reporter-output>
        </test-method> <!-- getUser1 -->
        <test-method signature="deleteUser()[pri:5, instance:api.test.UserTests@564fabc8]" started-at="2022-11-13T14:28:07 IST" name="deleteUser" finished-at="2022-11-13T14:28:09 IST" duration-ms="1324" status="PASS">
          <reporter-output>
          </reporter-output>
        </test-method> <!-- deleteUser -->
      </class> <!-- api.test.UserTests -->
    </test> <!-- Pet_Test -->
  </suite> <!-- Pet_Suite -->
</testng-results>
